#-----------------------------------------------------------
# Vivado v2019.2 (64-bit)
# SW Build 2708876 on Wed Nov  6 21:40:23 MST 2019
# IP Build 2700528 on Thu Nov  7 00:09:20 MST 2019
# Start of session at: Sat May  2 01:39:12 2020
# Process ID: 3564
# Current directory: D:/Git/CMPEN-331/Final/CMPEN331_Final-Framework
# Command line: vivado.exe -gui_launcher_event rodinguilauncherevent16676 D:\Git\CMPEN-331\Final\CMPEN331_Final-Framework\CMPEN331_Final-Framework.xpr
# Log file: D:/Git/CMPEN-331/Final/CMPEN331_Final-Framework/vivado.log
# Journal file: D:/Git/CMPEN-331/Final/CMPEN331_Final-Framework\vivado.jou
#-----------------------------------------------------------
start_gui
open_project D:/Git/CMPEN-331/Final/CMPEN331_Final-Framework/CMPEN331_Final-Framework.xpr
Scanning sources...
Finished scanning sources
INFO: [IP_Flow 19-234] Refreshing IP repositories
INFO: [IP_Flow 19-1704] No user IP repositories specified
INFO: [IP_Flow 19-2313] Loaded Vivado IP repository 'D:/Xilinx/Vivado/2019.2/data/ip'.
open_project: Time (s): cpu = 00:00:15 ; elapsed = 00:00:07 . Memory (MB): peak = 722.379 ; gain = 111.609
update_compile_order -fileset sources_1
launch_simulation
Command: launch_simulation 
INFO: [Vivado 12-5682] Launching behavioral simulation in 'D:/Git/CMPEN-331/Final/CMPEN331_Final-Framework/CMPEN331_Final-Framework.sim/sim_1/behav/xsim'
INFO: [SIM-utils-51] Simulation object is 'sim_1'
INFO: [SIM-utils-54] Inspecting design source files for 'TestWrapper' in fileset 'sim_1'...
INFO: [SIM-utils-43] Exported 'D:/Git/CMPEN-331/Final/CMPEN331_Final-Framework/CMPEN331_Final-Framework.sim/sim_1/behav/xsim/reg.mem'
INFO: [SIM-utils-43] Exported 'D:/Git/CMPEN-331/Final/CMPEN331_Final-Framework/CMPEN331_Final-Framework.sim/sim_1/behav/xsim/mem.mem'
INFO: [SIM-utils-43] Exported 'D:/Git/CMPEN-331/Final/CMPEN331_Final-Framework/CMPEN331_Final-Framework.sim/sim_1/behav/xsim/hilo.mem'
INFO: [SIM-utils-43] Exported 'D:/Git/CMPEN-331/Final/CMPEN331_Final-Framework/CMPEN331_Final-Framework.sim/sim_1/behav/xsim/pc.mem'
INFO: [SIM-utils-43] Exported 'D:/Git/CMPEN-331/Final/CMPEN331_Final-Framework/CMPEN331_Final-Framework.sim/sim_1/behav/xsim/reg.mem'
INFO: [SIM-utils-43] Exported 'D:/Git/CMPEN-331/Final/CMPEN331_Final-Framework/CMPEN331_Final-Framework.sim/sim_1/behav/xsim/mem.mem'
INFO: [SIM-utils-43] Exported 'D:/Git/CMPEN-331/Final/CMPEN331_Final-Framework/CMPEN331_Final-Framework.sim/sim_1/behav/xsim/hilo.mem'
INFO: [SIM-utils-43] Exported 'D:/Git/CMPEN-331/Final/CMPEN331_Final-Framework/CMPEN331_Final-Framework.sim/sim_1/behav/xsim/pc.mem'
INFO: [USF-XSim-97] Finding global include files...
INFO: [USF-XSim-98] Fetching design files from 'sim_1'...
INFO: [USF-XSim-2] XSim::Compile design
INFO: [USF-XSim-61] Executing 'COMPILE and ANALYZE' step in 'D:/Git/CMPEN-331/Final/CMPEN331_Final-Framework/CMPEN331_Final-Framework.sim/sim_1/behav/xsim'
"xvlog --incr --relax -prj TestWrapper_vlog.prj"
INFO: [VRFC 10-2263] Analyzing Verilog file "D:/Git/CMPEN-331/Final/CMPEN331_Final-Framework/CMPEN331_Final-Framework.srcs/sources_1/new/ALU.v" into library xil_defaultlib
INFO: [VRFC 10-311] analyzing module ALU
INFO: [VRFC 10-2263] Analyzing Verilog file "D:/Git/CMPEN-331/Final/CMPEN331_Final-Framework/CMPEN331_Final-Framework.srcs/sources_1/new/BHT.v" into library xil_defaultlib
INFO: [VRFC 10-311] analyzing module BHT
INFO: [VRFC 10-2263] Analyzing Verilog file "D:/Git/CMPEN-331/Final/CMPEN331_Final-Framework/CMPEN331_Final-Framework.srcs/sources_1/new/BTB.v" into library xil_defaultlib
INFO: [VRFC 10-311] analyzing module BTB
INFO: [VRFC 10-2263] Analyzing Verilog file "D:/Git/CMPEN-331/Final/CMPEN331_Final-Framework/CMPEN331_Final-Framework.srcs/sources_1/new/CONTROL.v" into library xil_defaultlib
INFO: [VRFC 10-311] analyzing module CONTROL
INFO: [VRFC 10-2263] Analyzing Verilog file "D:/Git/CMPEN-331/Final/CMPEN331_Final-Framework/CMPEN331_Final-Framework.srcs/sources_1/new/DMEM.v" into library xil_defaultlib
INFO: [VRFC 10-311] analyzing module DCACHE
INFO: [VRFC 10-2263] Analyzing Verilog file "D:/Git/CMPEN-331/Final/CMPEN331_Final-Framework/CMPEN331_Final-Framework.srcs/sources_1/new/DecodeForwarding.v" into library xil_defaultlib
INFO: [VRFC 10-311] analyzing module DecodeForwarding
INFO: [VRFC 10-2263] Analyzing Verilog file "D:/Git/CMPEN-331/Final/CMPEN331_Final-Framework/CMPEN331_Final-Framework.srcs/sources_1/new/EQComp.v" into library xil_defaultlib
INFO: [VRFC 10-311] analyzing module EQComp
INFO: [VRFC 10-2263] Analyzing Verilog file "D:/Git/CMPEN-331/Final/CMPEN331_Final-Framework/CMPEN331_Final-Framework.srcs/sources_1/new/EXForwarding.v" into library xil_defaultlib
INFO: [VRFC 10-311] analyzing module EXForwarding
INFO: [VRFC 10-2263] Analyzing Verilog file "D:/Git/CMPEN-331/Final/CMPEN331_Final-Framework/CMPEN331_Final-Framework.srcs/sources_1/new/EX_MEM_PR.v" into library xil_defaultlib
INFO: [VRFC 10-311] analyzing module EX_MEM_PR
INFO: [VRFC 10-2263] Analyzing Verilog file "D:/Git/CMPEN-331/Final/CMPEN331_Final-Framework/CMPEN331_Final-Framework.srcs/sources_1/new/HazardDetection.v" into library xil_defaultlib
INFO: [VRFC 10-311] analyzing module HazardDetection
INFO: [VRFC 10-2263] Analyzing Verilog file "D:/Git/CMPEN-331/Final/CMPEN331_Final-Framework/CMPEN331_Final-Framework.srcs/sources_1/new/ID_EX_PR.v" into library xil_defaultlib
INFO: [VRFC 10-311] analyzing module ID_EX_PR
INFO: [VRFC 10-2263] Analyzing Verilog file "D:/Git/CMPEN-331/Final/CMPEN331_Final-Framework/CMPEN331_Final-Framework.srcs/sources_1/new/IF_ID_PR.v" into library xil_defaultlib
INFO: [VRFC 10-311] analyzing module IF_ID_PR
INFO: [VRFC 10-2263] Analyzing Verilog file "D:/Git/CMPEN-331/Final/CMPEN331_Final-Framework/CMPEN331_Final-Framework.srcs/sources_1/new/IMEM.v" into library xil_defaultlib
INFO: [VRFC 10-311] analyzing module ICACHE
INFO: [VRFC 10-2263] Analyzing Verilog file "D:/Git/CMPEN-331/Final/CMPEN331_Final-Framework/CMPEN331_Final-Framework.srcs/sources_1/new/IncFour.v" into library xil_defaultlib
INFO: [VRFC 10-311] analyzing module IncFour
INFO: [VRFC 10-2263] Analyzing Verilog file "D:/Git/CMPEN-331/Final/CMPEN331_Final-Framework/CMPEN331_Final-Framework.srcs/sources_1/new/MEM_WB_PR.v" into library xil_defaultlib
INFO: [VRFC 10-311] analyzing module MEM_WB_PR
INFO: [VRFC 10-2263] Analyzing Verilog file "D:/Git/CMPEN-331/Final/CMPEN331_Final-Framework/CMPEN331_Final-Framework.srcs/sources_1/new/MEMforwarding.v" into library xil_defaultlib
INFO: [VRFC 10-311] analyzing module MEMForwarding
INFO: [VRFC 10-2263] Analyzing Verilog file "D:/Git/CMPEN-331/Final/CMPEN331_Final-Framework/CMPEN331_Final-Framework.srcs/sources_1/new/MainMemory.v" into library xil_defaultlib
INFO: [VRFC 10-311] analyzing module MainMemory
INFO: [VRFC 10-2263] Analyzing Verilog file "D:/Git/CMPEN-331/Final/CMPEN331_Final-Framework/CMPEN331_Final-Framework.srcs/sources_1/new/REGFILE.v" into library xil_defaultlib
INFO: [VRFC 10-311] analyzing module REGFILE
INFO: [VRFC 10-2263] Analyzing Verilog file "D:/Git/CMPEN-331/Final/CMPEN331_Final-Framework/CMPEN331_Final-Framework.srcs/sources_1/new/SYSCALL_EMU.v" into library xil_defaultlib
INFO: [VRFC 10-311] analyzing module SYSCALL_EMU
INFO: [VRFC 10-2263] Analyzing Verilog file "D:/Git/CMPEN-331/Final/CMPEN331_Final-Framework/CMPEN331_Final-Framework.srcs/sources_1/new/SZExtender.v" into library xil_defaultlib
INFO: [VRFC 10-311] analyzing module SZExtender
INFO: [VRFC 10-2263] Analyzing Verilog file "D:/Git/CMPEN-331/Final/CMPEN331_Final-Framework/CMPEN331_Final-Framework.srcs/sources_1/new/ScaledAdder.v" into library xil_defaultlib
INFO: [VRFC 10-311] analyzing module ScaledAdder
INFO: [VRFC 10-2263] Analyzing Verilog file "D:/Git/CMPEN-331/Final/CMPEN331_Final-Framework/CMPEN331_Final-Framework.srcs/sources_1/new/Top.v" into library xil_defaultlib
INFO: [VRFC 10-311] analyzing module Top
INFO: [VRFC 10-2458] undeclared symbol successfulFetch, assumed default net type wire [D:/Git/CMPEN-331/Final/CMPEN331_Final-Framework/CMPEN331_Final-Framework.srcs/sources_1/new/Top.v:283]
INFO: [VRFC 10-2263] Analyzing Verilog file "D:/Git/CMPEN-331/Final/CMPEN331_Final-Framework/CMPEN331_Final-Framework.srcs/sources_1/new/reg32.v" into library xil_defaultlib
INFO: [VRFC 10-311] analyzing module PC32
INFO: [VRFC 10-311] analyzing module R32
INFO: [VRFC 10-2263] Analyzing Verilog file "D:/Git/CMPEN-331/Final/CMPEN331_Final-Framework/CMPEN331_Final-Framework.srcs/sources_1/new/reg64.v" into library xil_defaultlib
INFO: [VRFC 10-311] analyzing module HILO64
INFO: [VRFC 10-2263] Analyzing Verilog file "D:/Git/CMPEN-331/Final/CMPEN331_Final-Framework/CMPEN331_Final-Framework.srcs/sources_1/new/TestWrapper.v" into library xil_defaultlib
INFO: [VRFC 10-311] analyzing module TestWrapper
INFO: [USF-XSim-69] 'compile' step finished in '3' seconds
INFO: [USF-XSim-3] XSim::Elaborate design
INFO: [USF-XSim-61] Executing 'ELABORATE' step in 'D:/Git/CMPEN-331/Final/CMPEN331_Final-Framework/CMPEN331_Final-Framework.sim/sim_1/behav/xsim'
"xelab -wto 3a17eed8800c4043a4024ae27aab8448 --incr --debug typical --relax --mt 2 -L xil_defaultlib -L unisims_ver -L unimacro_ver -L secureip --snapshot TestWrapper_behav xil_defaultlib.TestWrapper xil_defaultlib.glbl -log elaborate.log"
Vivado Simulator 2019.2
Copyright 1986-1999, 2001-2019 Xilinx, Inc. All Rights Reserved.
Running: D:/Xilinx/Vivado/2019.2/bin/unwrapped/win64.o/xelab.exe -wto 3a17eed8800c4043a4024ae27aab8448 --incr --debug typical --relax --mt 2 -L xil_defaultlib -L unisims_ver -L unimacro_ver -L secureip --snapshot TestWrapper_behav xil_defaultlib.TestWrapper xil_defaultlib.glbl -log elaborate.log 
Using 2 slave threads.
Starting static elaboration
Pass Through NonSizing Optimizer
WARNING: [VRFC 10-3091] actual bit length 64 differs from formal bit length 1 for port 'ID_HILO' [D:/Git/CMPEN-331/Final/CMPEN331_Final-Framework/CMPEN331_Final-Framework.srcs/sources_1/new/Top.v:388]
WARNING: [VRFC 10-3091] actual bit length 64 differs from formal bit length 1 for port 'EX_HILO' [D:/Git/CMPEN-331/Final/CMPEN331_Final-Framework/CMPEN331_Final-Framework.srcs/sources_1/new/Top.v:434]
WARNING: [VRFC 10-3091] actual bit length 64 differs from formal bit length 1 for port 'MEM_HILO' [D:/Git/CMPEN-331/Final/CMPEN331_Final-Framework/CMPEN331_Final-Framework.srcs/sources_1/new/Top.v:479]
Completed static elaboration
Starting simulation data flow analysis
Completed simulation data flow analysis
Time Resolution for simulation is 1ps
Compiling module xil_defaultlib.R32
Compiling module xil_defaultlib.PC32
Compiling module xil_defaultlib.BTB
Compiling module xil_defaultlib.BHT
Compiling module xil_defaultlib.ICACHE
Compiling module xil_defaultlib.IncFour
Compiling module xil_defaultlib.IF_ID_PR
Compiling module xil_defaultlib.HILO64
Compiling module xil_defaultlib.HazardDetection
Compiling module xil_defaultlib.DecodeForwarding
Compiling module xil_defaultlib.REGFILE
Compiling module xil_defaultlib.EQComp
Compiling module xil_defaultlib.SZExtender
Compiling module xil_defaultlib.ScaledAdder
Compiling module xil_defaultlib.CONTROL
Compiling module xil_defaultlib.ID_EX_PR
Compiling module xil_defaultlib.EXForwarding
Compiling module xil_defaultlib.ALU
Compiling module xil_defaultlib.EX_MEM_PR
Compiling module xil_defaultlib.MEMForwarding
Compiling module xil_defaultlib.DCACHE
Compiling module xil_defaultlib.MEM_WB_PR
Compiling module xil_defaultlib.SYSCALL_EMU_1
Compiling module xil_defaultlib.MainMemory
Compiling module xil_defaultlib.Top
Compiling module xil_defaultlib.TestWrapper
Compiling module xil_defaultlib.glbl
Built simulation snapshot TestWrapper_behav
run_program: Time (s): cpu = 00:00:02 ; elapsed = 00:00:26 . Memory (MB): peak = 732.938 ; gain = 0.000
INFO: [USF-XSim-69] 'elaborate' step finished in '26' seconds
INFO: [USF-XSim-4] XSim::Simulate design
INFO: [USF-XSim-61] Executing 'SIMULATE' step in 'D:/Git/CMPEN-331/Final/CMPEN331_Final-Framework/CMPEN331_Final-Framework.sim/sim_1/behav/xsim'
INFO: [USF-XSim-98] *** Running xsim
   with args "TestWrapper_behav -key {Behavioral:sim_1:Functional:TestWrapper} -tclbatch {TestWrapper.tcl} -view {D:/Git/CMPEN-331/Final/CMPEN331_Final-Framework/TestWrapper_behav.wcfg} -log {simulate.log}"
INFO: [USF-XSim-8] Loading simulator feature
Vivado Simulator 2019.2
Time resolution is 1 ps
open_wave_config D:/Git/CMPEN-331/Final/CMPEN331_Final-Framework/TestWrapper_behav.wcfg
source TestWrapper.tcl
# set curr_wave [current_wave_config]
# if { [string length $curr_wave] == 0 } {
#   if { [llength [get_objects]] > 0} {
#     add_wave /
#     set_property needs_save false [current_wave_config]
#   } else {
#      send_msg_id Add_Wave-1 WARNING "No top level signals found. Simulator will start without a wave window. If you want to open a wave window go to 'File->New Waveform Configuration' or type 'create_wave_config' in the TCL console."
#   }
# }
# run 250000ns
fffffffc
00000bad
00000001
00000000
00000000
00000001
0000eec5
0000aa80
feedeec5
0000ffff
00005555
00010000
ffffffde
ffffffad
ffffffed
deadbeef
feedeec5
000000de
000000ad
000000ed
000000ff
000000ff
0000ff00
00ff0000
00feedee
fffeedee
b9c9fcaa
4411e0e0
4411e0e0
bacc0cc5
fefdefe5
4431e320
0102101a
00000000
00000001
Emulating Exit Syscall, exiting now
$finish called at time : 887 ns : File "D:/Git/CMPEN-331/Final/CMPEN331_Final-Framework/CMPEN331_Final-Framework.srcs/sources_1/new/SYSCALL_EMU.v" Line 21
xsim: Time (s): cpu = 00:00:10 ; elapsed = 00:00:06 . Memory (MB): peak = 933.109 ; gain = 200.172
INFO: [USF-XSim-96] XSim completed. Design snapshot 'TestWrapper_behav' loaded.
INFO: [USF-XSim-97] XSim simulation ran for 250000ns
launch_simulation: Time (s): cpu = 00:00:14 ; elapsed = 00:00:36 . Memory (MB): peak = 933.109 ; gain = 200.172
move_files [get_files  D:/Git/CMPEN-331/Final/CMPEN331_Final-Framework/CMPEN331_Final-Framework.srcs/sources_1/new/Top.v]
update_compile_order -fileset sources_1
export_ip_user_files -of_objects  [get_files D:/Git/CMPEN-331/Final/CMPEN331_Final-Framework/CMPEN331_Final-Framework.srcs/sources_1/new/TestWrapper.v] -no_script -reset -force -quiet
remove_files  D:/Git/CMPEN-331/Final/CMPEN331_Final-Framework/CMPEN331_Final-Framework.srcs/sources_1/new/TestWrapper.v
update_compile_order -fileset sources_1
close_sim
INFO: [Simtcl 6-16] Simulation closed
exit
INFO: [Common 17-206] Exiting Vivado at Sat May  2 01:41:58 2020...
